c:\users\me\source\repos\callback_002\callback_002\x64\debug\vc142.pdb
c:\users\me\source\repos\callback_002\callback_002\x64\debug\driver.obj
c:\users\me\documents\workshop\callback_002\callback_002\x64\debug\vc142.pdb
c:\users\me\documents\workshop\callback_002\callback_002\x64\debug\driver.obj
c:\users\me\appdata\local\temp\wst\906ddbb1-e76d-4d97-bcc8-9c489b4802b7\002
c:\users\me\appdata\local\temp\wst\906ddbb1-e76d-4d97-bcc8-9c489b4802b7\001
c:\users\me\appdata\local\temp\wst\906ddbb1-e76d-4d97-bcc8-9c489b4802b7\000
c:\users\me\documents\workshop\callback_002\x64\debug\callback_002\callback_002.cat
c:\users\me\source\repos\callback_002\x64\debug\callback_002.sys
c:\users\me\source\repos\callback_002\x64\debug\callback_002.pdb
c:\users\me\documents\workshop\callback_002\x64\debug\callback_002.sys
c:\users\me\documents\workshop\callback_002\x64\debug\callback_002.pdb
c:\users\me\source\repos\callback_002\x64\debug\callback_002\callback_002.cat
c:\users\me\source\repos\callback_002\callback_002\x64\debug\callback_002.inf
c:\users\me\documents\workshop\callback_002\callback_002\x64\debug\callback_002.inf
c:\users\me\documents\workshop\callback_002\callback_002\x64\debug\source.obj
c:\users\me\documents\workshop\callback_002\callback_002\x64\debug\callback_002.tlog\cl.command.1.tlog
c:\users\me\documents\workshop\callback_002\callback_002\x64\debug\callback_002.tlog\cl.read.1.tlog
c:\users\me\documents\workshop\callback_002\callback_002\x64\debug\callback_002.tlog\cl.write.1.tlog
c:\users\me\documents\workshop\callback_002\callback_002\x64\debug\callback_002.tlog\inf2cat-expand.10084.read.1.tlog
c:\users\me\documents\workshop\callback_002\callback_002\x64\debug\callback_002.tlog\inf2cat-expand.10084.write.1.tlog
c:\users\me\documents\workshop\callback_002\callback_002\x64\debug\callback_002.tlog\inf2cat-expand.10144.read.1.tlog
c:\users\me\documents\workshop\callback_002\callback_002\x64\debug\callback_002.tlog\inf2cat-expand.10144.write.1.tlog
c:\users\me\documents\workshop\callback_002\callback_002\x64\debug\callback_002.tlog\inf2cat-expand.11004.read.1.tlog
c:\users\me\documents\workshop\callback_002\callback_002\x64\debug\callback_002.tlog\inf2cat-expand.11004.write.1.tlog
c:\users\me\documents\workshop\callback_002\callback_002\x64\debug\callback_002.tlog\inf2cat-expand.11124.read.1.tlog
c:\users\me\documents\workshop\callback_002\callback_002\x64\debug\callback_002.tlog\inf2cat-expand.11124.write.1.tlog
c:\users\me\documents\workshop\callback_002\callback_002\x64\debug\callback_002.tlog\inf2cat-expand.11252.read.1.tlog
c:\users\me\documents\workshop\callback_002\callback_002\x64\debug\callback_002.tlog\inf2cat-expand.11252.write.1.tlog
c:\users\me\documents\workshop\callback_002\callback_002\x64\debug\callback_002.tlog\inf2cat-expand.11396.read.1.tlog
c:\users\me\documents\workshop\callback_002\callback_002\x64\debug\callback_002.tlog\inf2cat-expand.11396.write.1.tlog
c:\users\me\documents\workshop\callback_002\callback_002\x64\debug\callback_002.tlog\inf2cat-expand.11448.read.1.tlog
c:\users\me\documents\workshop\callback_002\callback_002\x64\debug\callback_002.tlog\inf2cat-expand.11448.write.1.tlog
c:\users\me\documents\workshop\callback_002\callback_002\x64\debug\callback_002.tlog\inf2cat-expand.11472.read.1.tlog
c:\users\me\documents\workshop\callback_002\callback_002\x64\debug\callback_002.tlog\inf2cat-expand.11472.write.1.tlog
c:\users\me\documents\workshop\callback_002\callback_002\x64\debug\callback_002.tlog\inf2cat-expand.11828.read.1.tlog
c:\users\me\documents\workshop\callback_002\callback_002\x64\debug\callback_002.tlog\inf2cat-expand.11828.write.1.tlog
c:\users\me\documents\workshop\callback_002\callback_002\x64\debug\callback_002.tlog\inf2cat-expand.11916.read.1.tlog
c:\users\me\documents\workshop\callback_002\callback_002\x64\debug\callback_002.tlog\inf2cat-expand.11916.write.1.tlog
c:\users\me\documents\workshop\callback_002\callback_002\x64\debug\callback_002.tlog\inf2cat-expand.12104.read.1.tlog
c:\users\me\documents\workshop\callback_002\callback_002\x64\debug\callback_002.tlog\inf2cat-expand.12104.write.1.tlog
c:\users\me\documents\workshop\callback_002\callback_002\x64\debug\callback_002.tlog\inf2cat-expand.12360.read.1.tlog
c:\users\me\documents\workshop\callback_002\callback_002\x64\debug\callback_002.tlog\inf2cat-expand.12360.write.1.tlog
c:\users\me\documents\workshop\callback_002\callback_002\x64\debug\callback_002.tlog\inf2cat-expand.12404.read.1.tlog
c:\users\me\documents\workshop\callback_002\callback_002\x64\debug\callback_002.tlog\inf2cat-expand.12404.write.1.tlog
c:\users\me\documents\workshop\callback_002\callback_002\x64\debug\callback_002.tlog\inf2cat-expand.1244.read.1.tlog
c:\users\me\documents\workshop\callback_002\callback_002\x64\debug\callback_002.tlog\inf2cat-expand.1244.write.1.tlog
c:\users\me\documents\workshop\callback_002\callback_002\x64\debug\callback_002.tlog\inf2cat-expand.12556.read.1.tlog
c:\users\me\documents\workshop\callback_002\callback_002\x64\debug\callback_002.tlog\inf2cat-expand.12556.write.1.tlog
c:\users\me\documents\workshop\callback_002\callback_002\x64\debug\callback_002.tlog\inf2cat-expand.1256.read.1.tlog
c:\users\me\documents\workshop\callback_002\callback_002\x64\debug\callback_002.tlog\inf2cat-expand.1256.write.1.tlog
c:\users\me\documents\workshop\callback_002\callback_002\x64\debug\callback_002.tlog\inf2cat-expand.14588.read.1.tlog
c:\users\me\documents\workshop\callback_002\callback_002\x64\debug\callback_002.tlog\inf2cat-expand.14588.write.1.tlog
c:\users\me\documents\workshop\callback_002\callback_002\x64\debug\callback_002.tlog\inf2cat-expand.14676.read.1.tlog
c:\users\me\documents\workshop\callback_002\callback_002\x64\debug\callback_002.tlog\inf2cat-expand.14676.write.1.tlog
c:\users\me\documents\workshop\callback_002\callback_002\x64\debug\callback_002.tlog\inf2cat-expand.1556.read.1.tlog
c:\users\me\documents\workshop\callback_002\callback_002\x64\debug\callback_002.tlog\inf2cat-expand.1556.write.1.tlog
c:\users\me\documents\workshop\callback_002\callback_002\x64\debug\callback_002.tlog\inf2cat-expand.160.read.1.tlog
c:\users\me\documents\workshop\callback_002\callback_002\x64\debug\callback_002.tlog\inf2cat-expand.160.write.1.tlog
c:\users\me\documents\workshop\callback_002\callback_002\x64\debug\callback_002.tlog\inf2cat-expand.16596.read.1.tlog
c:\users\me\documents\workshop\callback_002\callback_002\x64\debug\callback_002.tlog\inf2cat-expand.16596.write.1.tlog
c:\users\me\documents\workshop\callback_002\callback_002\x64\debug\callback_002.tlog\inf2cat-expand.17180.read.1.tlog
c:\users\me\documents\workshop\callback_002\callback_002\x64\debug\callback_002.tlog\inf2cat-expand.17180.write.1.tlog
c:\users\me\documents\workshop\callback_002\callback_002\x64\debug\callback_002.tlog\inf2cat-expand.2428.read.1.tlog
c:\users\me\documents\workshop\callback_002\callback_002\x64\debug\callback_002.tlog\inf2cat-expand.2428.write.1.tlog
c:\users\me\documents\workshop\callback_002\callback_002\x64\debug\callback_002.tlog\inf2cat-expand.2588.read.1.tlog
c:\users\me\documents\workshop\callback_002\callback_002\x64\debug\callback_002.tlog\inf2cat-expand.2588.write.1.tlog
c:\users\me\documents\workshop\callback_002\callback_002\x64\debug\callback_002.tlog\inf2cat-expand.2848.read.1.tlog
c:\users\me\documents\workshop\callback_002\callback_002\x64\debug\callback_002.tlog\inf2cat-expand.2848.write.1.tlog
c:\users\me\documents\workshop\callback_002\callback_002\x64\debug\callback_002.tlog\inf2cat-expand.3044.read.1.tlog
c:\users\me\documents\workshop\callback_002\callback_002\x64\debug\callback_002.tlog\inf2cat-expand.3044.write.1.tlog
c:\users\me\documents\workshop\callback_002\callback_002\x64\debug\callback_002.tlog\inf2cat-expand.3460.read.1.tlog
c:\users\me\documents\workshop\callback_002\callback_002\x64\debug\callback_002.tlog\inf2cat-expand.3460.write.1.tlog
c:\users\me\documents\workshop\callback_002\callback_002\x64\debug\callback_002.tlog\inf2cat-expand.3804.read.1.tlog
c:\users\me\documents\workshop\callback_002\callback_002\x64\debug\callback_002.tlog\inf2cat-expand.3804.write.1.tlog
c:\users\me\documents\workshop\callback_002\callback_002\x64\debug\callback_002.tlog\inf2cat-expand.3868.read.1.tlog
c:\users\me\documents\workshop\callback_002\callback_002\x64\debug\callback_002.tlog\inf2cat-expand.3868.write.1.tlog
c:\users\me\documents\workshop\callback_002\callback_002\x64\debug\callback_002.tlog\inf2cat-expand.4008.read.1.tlog
c:\users\me\documents\workshop\callback_002\callback_002\x64\debug\callback_002.tlog\inf2cat-expand.4008.write.1.tlog
c:\users\me\documents\workshop\callback_002\callback_002\x64\debug\callback_002.tlog\inf2cat-expand.4584.read.1.tlog
c:\users\me\documents\workshop\callback_002\callback_002\x64\debug\callback_002.tlog\inf2cat-expand.4584.write.1.tlog
c:\users\me\documents\workshop\callback_002\callback_002\x64\debug\callback_002.tlog\inf2cat-expand.468.read.1.tlog
c:\users\me\documents\workshop\callback_002\callback_002\x64\debug\callback_002.tlog\inf2cat-expand.468.write.1.tlog
c:\users\me\documents\workshop\callback_002\callback_002\x64\debug\callback_002.tlog\inf2cat-expand.4820.read.1.tlog
c:\users\me\documents\workshop\callback_002\callback_002\x64\debug\callback_002.tlog\inf2cat-expand.4820.write.1.tlog
c:\users\me\documents\workshop\callback_002\callback_002\x64\debug\callback_002.tlog\inf2cat-expand.484.read.1.tlog
c:\users\me\documents\workshop\callback_002\callback_002\x64\debug\callback_002.tlog\inf2cat-expand.484.write.1.tlog
c:\users\me\documents\workshop\callback_002\callback_002\x64\debug\callback_002.tlog\inf2cat-expand.4996.read.1.tlog
c:\users\me\documents\workshop\callback_002\callback_002\x64\debug\callback_002.tlog\inf2cat-expand.4996.write.1.tlog
c:\users\me\documents\workshop\callback_002\callback_002\x64\debug\callback_002.tlog\inf2cat-expand.5292.read.1.tlog
c:\users\me\documents\workshop\callback_002\callback_002\x64\debug\callback_002.tlog\inf2cat-expand.5292.write.1.tlog
c:\users\me\documents\workshop\callback_002\callback_002\x64\debug\callback_002.tlog\inf2cat-expand.5304.read.1.tlog
c:\users\me\documents\workshop\callback_002\callback_002\x64\debug\callback_002.tlog\inf2cat-expand.5304.write.1.tlog
c:\users\me\documents\workshop\callback_002\callback_002\x64\debug\callback_002.tlog\inf2cat-expand.5504.read.1.tlog
c:\users\me\documents\workshop\callback_002\callback_002\x64\debug\callback_002.tlog\inf2cat-expand.5504.write.1.tlog
c:\users\me\documents\workshop\callback_002\callback_002\x64\debug\callback_002.tlog\inf2cat-expand.5924.read.1.tlog
c:\users\me\documents\workshop\callback_002\callback_002\x64\debug\callback_002.tlog\inf2cat-expand.5924.write.1.tlog
c:\users\me\documents\workshop\callback_002\callback_002\x64\debug\callback_002.tlog\inf2cat-expand.6104.read.1.tlog
c:\users\me\documents\workshop\callback_002\callback_002\x64\debug\callback_002.tlog\inf2cat-expand.6104.write.1.tlog
c:\users\me\documents\workshop\callback_002\callback_002\x64\debug\callback_002.tlog\inf2cat-expand.6160.read.1.tlog
c:\users\me\documents\workshop\callback_002\callback_002\x64\debug\callback_002.tlog\inf2cat-expand.6160.write.1.tlog
c:\users\me\documents\workshop\callback_002\callback_002\x64\debug\callback_002.tlog\inf2cat-expand.6680.read.1.tlog
c:\users\me\documents\workshop\callback_002\callback_002\x64\debug\callback_002.tlog\inf2cat-expand.6680.write.1.tlog
c:\users\me\documents\workshop\callback_002\callback_002\x64\debug\callback_002.tlog\inf2cat-expand.6692.read.1.tlog
c:\users\me\documents\workshop\callback_002\callback_002\x64\debug\callback_002.tlog\inf2cat-expand.6692.write.1.tlog
c:\users\me\documents\workshop\callback_002\callback_002\x64\debug\callback_002.tlog\inf2cat-expand.6788.read.1.tlog
c:\users\me\documents\workshop\callback_002\callback_002\x64\debug\callback_002.tlog\inf2cat-expand.6788.write.1.tlog
c:\users\me\documents\workshop\callback_002\callback_002\x64\debug\callback_002.tlog\inf2cat-expand.6832.read.1.tlog
c:\users\me\documents\workshop\callback_002\callback_002\x64\debug\callback_002.tlog\inf2cat-expand.6832.write.1.tlog
c:\users\me\documents\workshop\callback_002\callback_002\x64\debug\callback_002.tlog\inf2cat-expand.6896.read.1.tlog
c:\users\me\documents\workshop\callback_002\callback_002\x64\debug\callback_002.tlog\inf2cat-expand.6896.write.1.tlog
c:\users\me\documents\workshop\callback_002\callback_002\x64\debug\callback_002.tlog\inf2cat-expand.6900.read.1.tlog
c:\users\me\documents\workshop\callback_002\callback_002\x64\debug\callback_002.tlog\inf2cat-expand.6900.write.1.tlog
c:\users\me\documents\workshop\callback_002\callback_002\x64\debug\callback_002.tlog\inf2cat-expand.7108.read.1.tlog
c:\users\me\documents\workshop\callback_002\callback_002\x64\debug\callback_002.tlog\inf2cat-expand.7108.write.1.tlog
c:\users\me\documents\workshop\callback_002\callback_002\x64\debug\callback_002.tlog\inf2cat-expand.7348.read.1.tlog
c:\users\me\documents\workshop\callback_002\callback_002\x64\debug\callback_002.tlog\inf2cat-expand.7348.write.1.tlog
c:\users\me\documents\workshop\callback_002\callback_002\x64\debug\callback_002.tlog\inf2cat-expand.7500.read.1.tlog
c:\users\me\documents\workshop\callback_002\callback_002\x64\debug\callback_002.tlog\inf2cat-expand.7500.write.1.tlog
c:\users\me\documents\workshop\callback_002\callback_002\x64\debug\callback_002.tlog\inf2cat-expand.7660.read.1.tlog
c:\users\me\documents\workshop\callback_002\callback_002\x64\debug\callback_002.tlog\inf2cat-expand.7660.write.1.tlog
c:\users\me\documents\workshop\callback_002\callback_002\x64\debug\callback_002.tlog\inf2cat-expand.8036.read.1.tlog
c:\users\me\documents\workshop\callback_002\callback_002\x64\debug\callback_002.tlog\inf2cat-expand.8036.write.1.tlog
c:\users\me\documents\workshop\callback_002\callback_002\x64\debug\callback_002.tlog\inf2cat-expand.8180.read.1.tlog
c:\users\me\documents\workshop\callback_002\callback_002\x64\debug\callback_002.tlog\inf2cat-expand.8180.write.1.tlog
c:\users\me\documents\workshop\callback_002\callback_002\x64\debug\callback_002.tlog\inf2cat-expand.8396.read.1.tlog
c:\users\me\documents\workshop\callback_002\callback_002\x64\debug\callback_002.tlog\inf2cat-expand.8396.write.1.tlog
c:\users\me\documents\workshop\callback_002\callback_002\x64\debug\callback_002.tlog\inf2cat-expand.8416.read.1.tlog
c:\users\me\documents\workshop\callback_002\callback_002\x64\debug\callback_002.tlog\inf2cat-expand.8416.write.1.tlog
c:\users\me\documents\workshop\callback_002\callback_002\x64\debug\callback_002.tlog\inf2cat-expand.8516.read.1.tlog
c:\users\me\documents\workshop\callback_002\callback_002\x64\debug\callback_002.tlog\inf2cat-expand.8516.write.1.tlog
c:\users\me\documents\workshop\callback_002\callback_002\x64\debug\callback_002.tlog\inf2cat-expand.8572.read.1.tlog
c:\users\me\documents\workshop\callback_002\callback_002\x64\debug\callback_002.tlog\inf2cat-expand.8572.write.1.tlog
c:\users\me\documents\workshop\callback_002\callback_002\x64\debug\callback_002.tlog\inf2cat-expand.8672.read.1.tlog
c:\users\me\documents\workshop\callback_002\callback_002\x64\debug\callback_002.tlog\inf2cat-expand.8672.write.1.tlog
c:\users\me\documents\workshop\callback_002\callback_002\x64\debug\callback_002.tlog\inf2cat-expand.8964.read.1.tlog
c:\users\me\documents\workshop\callback_002\callback_002\x64\debug\callback_002.tlog\inf2cat-expand.8964.write.1.tlog
c:\users\me\documents\workshop\callback_002\callback_002\x64\debug\callback_002.tlog\inf2cat-expand.9060.read.1.tlog
c:\users\me\documents\workshop\callback_002\callback_002\x64\debug\callback_002.tlog\inf2cat-expand.9060.write.1.tlog
c:\users\me\documents\workshop\callback_002\callback_002\x64\debug\callback_002.tlog\inf2cat-expand.9168.read.1.tlog
c:\users\me\documents\workshop\callback_002\callback_002\x64\debug\callback_002.tlog\inf2cat-expand.9168.write.1.tlog
c:\users\me\documents\workshop\callback_002\callback_002\x64\debug\callback_002.tlog\inf2cat-expand.9172.read.1.tlog
c:\users\me\documents\workshop\callback_002\callback_002\x64\debug\callback_002.tlog\inf2cat-expand.9172.write.1.tlog
c:\users\me\documents\workshop\callback_002\callback_002\x64\debug\callback_002.tlog\inf2cat-expand.9260.read.1.tlog
c:\users\me\documents\workshop\callback_002\callback_002\x64\debug\callback_002.tlog\inf2cat-expand.9260.write.1.tlog
c:\users\me\documents\workshop\callback_002\callback_002\x64\debug\callback_002.tlog\inf2cat-expand.9288.read.1.tlog
c:\users\me\documents\workshop\callback_002\callback_002\x64\debug\callback_002.tlog\inf2cat-expand.9288.write.1.tlog
c:\users\me\documents\workshop\callback_002\callback_002\x64\debug\callback_002.tlog\inf2cat-expand.9724.read.1.tlog
c:\users\me\documents\workshop\callback_002\callback_002\x64\debug\callback_002.tlog\inf2cat-expand.9724.write.1.tlog
c:\users\me\documents\workshop\callback_002\callback_002\x64\debug\callback_002.tlog\inf2cat-expand.9860.read.1.tlog
c:\users\me\documents\workshop\callback_002\callback_002\x64\debug\callback_002.tlog\inf2cat-expand.9860.write.1.tlog
c:\users\me\documents\workshop\callback_002\callback_002\x64\debug\callback_002.tlog\inf2cat-expand.9872.read.1.tlog
c:\users\me\documents\workshop\callback_002\callback_002\x64\debug\callback_002.tlog\inf2cat-expand.9872.write.1.tlog
c:\users\me\documents\workshop\callback_002\callback_002\x64\debug\callback_002.tlog\inf2cat-expand.9876.read.1.tlog
c:\users\me\documents\workshop\callback_002\callback_002\x64\debug\callback_002.tlog\inf2cat-expand.9876.write.1.tlog
c:\users\me\documents\workshop\callback_002\callback_002\x64\debug\callback_002.tlog\inf2cat-expand.read.1.tlog
c:\users\me\documents\workshop\callback_002\callback_002\x64\debug\callback_002.tlog\inf2cat-expand.write.1.tlog
c:\users\me\documents\workshop\callback_002\callback_002\x64\debug\callback_002.tlog\inf2cat.command.1.tlog
c:\users\me\documents\workshop\callback_002\callback_002\x64\debug\callback_002.tlog\inf2cat.read.1.tlog
c:\users\me\documents\workshop\callback_002\callback_002\x64\debug\callback_002.tlog\inf2cat.read.8.tlog
c:\users\me\documents\workshop\callback_002\callback_002\x64\debug\callback_002.tlog\inf2cat.read.9.tlog
c:\users\me\documents\workshop\callback_002\callback_002\x64\debug\callback_002.tlog\inf2cat.write.1.tlog
c:\users\me\documents\workshop\callback_002\callback_002\x64\debug\callback_002.tlog\inf2cat.write.8.tlog
c:\users\me\documents\workshop\callback_002\callback_002\x64\debug\callback_002.tlog\inf2cat.write.9.tlog
c:\users\me\documents\workshop\callback_002\callback_002\x64\debug\callback_002.tlog\link.command.1.tlog
c:\users\me\documents\workshop\callback_002\callback_002\x64\debug\callback_002.tlog\link.delete.1.tlog
c:\users\me\documents\workshop\callback_002\callback_002\x64\debug\callback_002.tlog\link.read.1.tlog
c:\users\me\documents\workshop\callback_002\callback_002\x64\debug\callback_002.tlog\link.write.1.tlog
c:\users\me\documents\workshop\callback_002\callback_002\x64\debug\callback_002.tlog\signtool.command.1.tlog
c:\users\me\documents\workshop\callback_002\callback_002\x64\debug\callback_002.tlog\signtool.read.1.tlog
c:\users\me\documents\workshop\callback_002\callback_002\x64\debug\callback_002.tlog\signtool.timestamp.1.tlog
c:\users\me\documents\workshop\callback_002\callback_002\x64\debug\callback_002.tlog\signtool.write.1.tlog
c:\users\me\documents\workshop\callback_002\callback_002\x64\debug\callback_002.tlog\stampinf.command.1.tlog
c:\users\me\documents\workshop\callback_002\callback_002\x64\debug\callback_002.tlog\stampinf.read.1.tlog
c:\users\me\documents\workshop\callback_002\callback_002\x64\debug\callback_002.tlog\stampinf.write.1.tlog
