c:\users\me\documents\workshop\fsfilter1_hidefile\x64\debug\vc142.pdb
c:\users\me\documents\workshop\fsfilter1_hidefile\x64\debug\fsfilter1_hidefile.obj
c:\users\me\documents\workshop\fsfilter1_hidefile\x64\debug\fsfilter1_hidefile\fsfilter1_hidefile.cat
c:\users\me\documents\workshop\fsfilter1_hidefile\x64\debug\fsfilter1_hidefile.sys
c:\users\me\documents\workshop\fsfilter1_hidefile\x64\debug\fsfilter1_hidefile.pdb
c:\users\me\documents\workshop\fsfilter1_hidefile\x64\debug\fsfilter1_hidefile.res
c:\users\me\documents\workshop\fsfilter1_hidefile\x64\debug\fsfilter1_hidefile.inf
c:\users\me\documents\workshop\fsfilter1_hidefile\x64\debug\fsfilter1_hidefile.cer
c:\users\me\documents\workshop\fsfilter1_hidefile\x64\debug\fsfilter.6bace803.tlog\cl.command.1.tlog
c:\users\me\documents\workshop\fsfilter1_hidefile\x64\debug\fsfilter.6bace803.tlog\cl.read.1.tlog
c:\users\me\documents\workshop\fsfilter1_hidefile\x64\debug\fsfilter.6bace803.tlog\cl.write.1.tlog
c:\users\me\documents\workshop\fsfilter1_hidefile\x64\debug\fsfilter.6bace803.tlog\inf2cat-expand.10556.read.1.tlog
c:\users\me\documents\workshop\fsfilter1_hidefile\x64\debug\fsfilter.6bace803.tlog\inf2cat-expand.10556.write.1.tlog
c:\users\me\documents\workshop\fsfilter1_hidefile\x64\debug\fsfilter.6bace803.tlog\inf2cat-expand.10992.read.1.tlog
c:\users\me\documents\workshop\fsfilter1_hidefile\x64\debug\fsfilter.6bace803.tlog\inf2cat-expand.10992.write.1.tlog
c:\users\me\documents\workshop\fsfilter1_hidefile\x64\debug\fsfilter.6bace803.tlog\inf2cat-expand.11180.read.1.tlog
c:\users\me\documents\workshop\fsfilter1_hidefile\x64\debug\fsfilter.6bace803.tlog\inf2cat-expand.11180.write.1.tlog
c:\users\me\documents\workshop\fsfilter1_hidefile\x64\debug\fsfilter.6bace803.tlog\inf2cat-expand.11468.read.1.tlog
c:\users\me\documents\workshop\fsfilter1_hidefile\x64\debug\fsfilter.6bace803.tlog\inf2cat-expand.11468.write.1.tlog
c:\users\me\documents\workshop\fsfilter1_hidefile\x64\debug\fsfilter.6bace803.tlog\inf2cat-expand.11972.read.1.tlog
c:\users\me\documents\workshop\fsfilter1_hidefile\x64\debug\fsfilter.6bace803.tlog\inf2cat-expand.11972.write.1.tlog
c:\users\me\documents\workshop\fsfilter1_hidefile\x64\debug\fsfilter.6bace803.tlog\inf2cat-expand.1808.read.1.tlog
c:\users\me\documents\workshop\fsfilter1_hidefile\x64\debug\fsfilter.6bace803.tlog\inf2cat-expand.1808.write.1.tlog
c:\users\me\documents\workshop\fsfilter1_hidefile\x64\debug\fsfilter.6bace803.tlog\inf2cat-expand.2260.read.1.tlog
c:\users\me\documents\workshop\fsfilter1_hidefile\x64\debug\fsfilter.6bace803.tlog\inf2cat-expand.2260.write.1.tlog
c:\users\me\documents\workshop\fsfilter1_hidefile\x64\debug\fsfilter.6bace803.tlog\inf2cat-expand.2844.read.1.tlog
c:\users\me\documents\workshop\fsfilter1_hidefile\x64\debug\fsfilter.6bace803.tlog\inf2cat-expand.2844.write.1.tlog
c:\users\me\documents\workshop\fsfilter1_hidefile\x64\debug\fsfilter.6bace803.tlog\inf2cat-expand.4304.read.1.tlog
c:\users\me\documents\workshop\fsfilter1_hidefile\x64\debug\fsfilter.6bace803.tlog\inf2cat-expand.4304.write.1.tlog
c:\users\me\documents\workshop\fsfilter1_hidefile\x64\debug\fsfilter.6bace803.tlog\inf2cat-expand.4576.read.1.tlog
c:\users\me\documents\workshop\fsfilter1_hidefile\x64\debug\fsfilter.6bace803.tlog\inf2cat-expand.4576.write.1.tlog
c:\users\me\documents\workshop\fsfilter1_hidefile\x64\debug\fsfilter.6bace803.tlog\inf2cat-expand.5844.read.1.tlog
c:\users\me\documents\workshop\fsfilter1_hidefile\x64\debug\fsfilter.6bace803.tlog\inf2cat-expand.5844.write.1.tlog
c:\users\me\documents\workshop\fsfilter1_hidefile\x64\debug\fsfilter.6bace803.tlog\inf2cat-expand.9284.read.1.tlog
c:\users\me\documents\workshop\fsfilter1_hidefile\x64\debug\fsfilter.6bace803.tlog\inf2cat-expand.9284.write.1.tlog
c:\users\me\documents\workshop\fsfilter1_hidefile\x64\debug\fsfilter.6bace803.tlog\inf2cat-expand.9604.read.1.tlog
c:\users\me\documents\workshop\fsfilter1_hidefile\x64\debug\fsfilter.6bace803.tlog\inf2cat-expand.9604.write.1.tlog
c:\users\me\documents\workshop\fsfilter1_hidefile\x64\debug\fsfilter.6bace803.tlog\inf2cat-expand.9660.read.1.tlog
c:\users\me\documents\workshop\fsfilter1_hidefile\x64\debug\fsfilter.6bace803.tlog\inf2cat-expand.9660.write.1.tlog
c:\users\me\documents\workshop\fsfilter1_hidefile\x64\debug\fsfilter.6bace803.tlog\inf2cat-expand.9684.read.1.tlog
c:\users\me\documents\workshop\fsfilter1_hidefile\x64\debug\fsfilter.6bace803.tlog\inf2cat-expand.9684.write.1.tlog
c:\users\me\documents\workshop\fsfilter1_hidefile\x64\debug\fsfilter.6bace803.tlog\inf2cat-expand.read.1.tlog
c:\users\me\documents\workshop\fsfilter1_hidefile\x64\debug\fsfilter.6bace803.tlog\inf2cat-expand.write.1.tlog
c:\users\me\documents\workshop\fsfilter1_hidefile\x64\debug\fsfilter.6bace803.tlog\inf2cat.command.1.tlog
c:\users\me\documents\workshop\fsfilter1_hidefile\x64\debug\fsfilter.6bace803.tlog\inf2cat.read.1.tlog
c:\users\me\documents\workshop\fsfilter1_hidefile\x64\debug\fsfilter.6bace803.tlog\inf2cat.read.8.tlog
c:\users\me\documents\workshop\fsfilter1_hidefile\x64\debug\fsfilter.6bace803.tlog\inf2cat.read.9.tlog
c:\users\me\documents\workshop\fsfilter1_hidefile\x64\debug\fsfilter.6bace803.tlog\inf2cat.write.1.tlog
c:\users\me\documents\workshop\fsfilter1_hidefile\x64\debug\fsfilter.6bace803.tlog\inf2cat.write.8.tlog
c:\users\me\documents\workshop\fsfilter1_hidefile\x64\debug\fsfilter.6bace803.tlog\inf2cat.write.9.tlog
c:\users\me\documents\workshop\fsfilter1_hidefile\x64\debug\fsfilter.6bace803.tlog\link.command.1.tlog
c:\users\me\documents\workshop\fsfilter1_hidefile\x64\debug\fsfilter.6bace803.tlog\link.delete.1.tlog
c:\users\me\documents\workshop\fsfilter1_hidefile\x64\debug\fsfilter.6bace803.tlog\link.read.1.tlog
c:\users\me\documents\workshop\fsfilter1_hidefile\x64\debug\fsfilter.6bace803.tlog\link.write.1.tlog
c:\users\me\documents\workshop\fsfilter1_hidefile\x64\debug\fsfilter.6bace803.tlog\rc.command.1.tlog
c:\users\me\documents\workshop\fsfilter1_hidefile\x64\debug\fsfilter.6bace803.tlog\rc.read.1.tlog
c:\users\me\documents\workshop\fsfilter1_hidefile\x64\debug\fsfilter.6bace803.tlog\rc.write.1.tlog
c:\users\me\documents\workshop\fsfilter1_hidefile\x64\debug\fsfilter.6bace803.tlog\signtool.command.1.tlog
c:\users\me\documents\workshop\fsfilter1_hidefile\x64\debug\fsfilter.6bace803.tlog\signtool.read.1.tlog
c:\users\me\documents\workshop\fsfilter1_hidefile\x64\debug\fsfilter.6bace803.tlog\signtool.timestamp.1.tlog
c:\users\me\documents\workshop\fsfilter1_hidefile\x64\debug\fsfilter.6bace803.tlog\signtool.write.1.tlog
c:\users\me\documents\workshop\fsfilter1_hidefile\x64\debug\fsfilter.6bace803.tlog\stampinf.command.1.tlog
c:\users\me\documents\workshop\fsfilter1_hidefile\x64\debug\fsfilter.6bace803.tlog\stampinf.read.1.tlog
c:\users\me\documents\workshop\fsfilter1_hidefile\x64\debug\fsfilter.6bace803.tlog\stampinf.write.1.tlog
