  Building 'FsFilter1_HideFile' with toolset 'WindowsKernelModeDriver10.0' and the 'Desktop' target platform.
  Stamping Debug\FsFilter1_HideFile.inf
  Stamping [Version] section with DriverVer=03/12/2021,19.23.23.856
C:\Users\_Lab1\source\repos\FsFilter1_HideFile\FsFilter1_HideFile.inf : warning 1420: [DefaultInstall]-based INF cannot be processed as Primitive.
C:\Users\_Lab1\source\repos\FsFilter1_HideFile\FsFilter1_HideFile.inf(25-25): warning 1421: Section [DefaultInstall] should have an architecture decoration.
C:\Users\_Lab1\source\repos\FsFilter1_HideFile\FsFilter1_HideFile.inf(36-36): warning 1421: Section [DefaultUninstall] should have an architecture decoration.
C:\Users\_Lab1\source\repos\FsFilter1_HideFile\FsFilter1_HideFile.inf(74-74): warning 1205: Section [MiniFilter.DriverFiles] referenced from DelFiles and CopyFiles directive.
  FsFilter1_HideFile.c
  FsFilter1_HideFile.vcxproj -> C:\Users\_Lab1\source\repos\FsFilter1_HideFile\Debug\FsFilter1_HideFile.sys
  Done Adding Additional Store
  Successfully signed: C:\Users\_Lab1\source\repos\FsFilter1_HideFile\Debug\FsFilter1_HideFile.sys
  
  ........................
  Signability test complete.
  
  Errors:
  None
  
  Warnings:
  None
  
  Catalog generation complete.
  C:\Users\_Lab1\source\repos\FsFilter1_HideFile\Debug\FsFilter1_HideFile\fsfilter1_hidefile.cat
  Done Adding Additional Store
  Successfully signed: C:\Users\_Lab1\source\repos\FsFilter1_HideFile\Debug\FsFilter1_HideFile\fsfilter1_hidefile.cat
  
